[01m[K/home/jonas/i2ROS/project/ziou/AutonomousDriving/src/map/src/generatePointCloud.cpp:[m[K In constructor â€˜[01m[KDepthToPointCloud::DepthToPointCloud()[m[Kâ€™:
[01m[K/home/jonas/i2ROS/project/ziou/AutonomousDriving/src/map/src/generatePointCloud.cpp:28:9:[m[K [01;31m[Kerror: [m[Kâ€˜[01m[Kcloud2_pub_[m[Kâ€™ was not declared in this scope; did you mean â€˜[01m[Kcloud_pub_[m[Kâ€™?
   28 |         [01;31m[Kcloud2_pub_[m[K = nh_.advertise<sensor_msgs::PointCloud2>("pointcloud2", 1);
      |         [01;31m[K^~~~~~~~~~~[m[K
      |         [32m[Kcloud_pub_[m[K
[01m[K/home/jonas/i2ROS/project/ziou/AutonomousDriving/src/map/src/generatePointCloud.cpp:[m[K In member function â€˜[01m[Kvoid DepthToPointCloud::generatePointCloud()[m[Kâ€™:
[01m[K/home/jonas/i2ROS/project/ziou/AutonomousDriving/src/map/src/generatePointCloud.cpp:115:9:[m[K [01;31m[Kerror: [m[Kâ€˜[01m[Kcloud2_pub_[m[Kâ€™ was not declared in this scope; did you mean â€˜[01m[Kcloud_pub_[m[Kâ€™?
  115 |         [01;31m[Kcloud2_pub_[m[K.publish(cloud2);
      |         [01;31m[K^~~~~~~~~~~[m[K
      |         [32m[Kcloud_pub_[m[K
make[2]: *** [CMakeFiles/generatePointCloud_node.dir/build.make:63: CMakeFiles/generatePointCloud_node.dir/src/generatePointCloud.cpp.o] Error 1
make[1]: *** [CMakeFiles/Makefile2:1240: CMakeFiles/generatePointCloud_node.dir/all] Error 2
make: *** [Makefile:141: all] Error 2
